<?xml version="1.0" encoding="UTF-8"?><testrun name="FeatureRunner" project="PFG.PMobile" tests="5" started="5" failures="0" errors="1" ignored="0">
  <testsuite name="com.pmobile.runner.FeatureRunner" time="252.71">
    <testsuite name="Feature: Verify user able to view Access dash board" time="252.71">
      <testcase name="The user is able to view and search orders when clicking on the order icon from dashboard" classname="Verify user able to view Access dash board" time="36.982"/>
      <testcase name="The user is able to  access the dashboard, messages, product search, invoices, customers, settings and sign off from the left tool bar within products when clicking on each icon" classname="Verify user able to view Access dash board" time="53.271"/>
      <testcase name="The user is able to  access the dashboard, messages, product search, invoices, customers, settings and sign off from the left tool bar within products when clicking on each icon" classname="Verify user able to view Access dash board" time="53.251"/>
      <testcase name="The user is able to  access the dashboard, messages, product search, invoices, customers, settings and sign off from the left tool bar within products when clicking on each icon" classname="Verify user able to view Access dash board" time="54.935"/>
      <testcase name="Validate that the user is able to view and search orders" classname="Verify user able to view Access dash board" time="54.271">
        <error>org.openqa.selenium.ElementNotVisibleException: Timed out after 5 seconds. Element not available
Build info: version: '3.11.0', revision: 'e59cfb3', time: '2018-03-11T20:26:55.152Z'
System info: host: 'WCSP-3M1CM32TL', ip: '10.32.4.113', os.name: 'Windows 10', os.arch: 'amd64', os.version: '10.0', java.version: '1.8.0_171'
Driver info: driver.version: unknown&#13;
	at net.thucydides.core.annotations.locators.SmartAjaxElementLocator.ajaxFindElement(SmartAjaxElementLocator.java:170)&#13;
	at net.thucydides.core.annotations.locators.SmartAjaxElementLocator.findElement(SmartAjaxElementLocator.java:125)&#13;
	at net.serenitybdd.core.pages.WebElementResolverByElementLocator.resolveForDriver(WebElementResolverByElementLocator.java:27)&#13;
	at net.serenitybdd.core.pages.WebElementFacadeImpl.getElement(WebElementFacadeImpl.java:208)&#13;
	at net.serenitybdd.core.pages.WebElementExpectations$3.apply(WebElementExpectations.java:63)&#13;
	at net.serenitybdd.core.pages.WebElementExpectations$3.apply(WebElementExpectations.java:55)&#13;
	at org.openqa.selenium.support.ui.FluentWait.until(FluentWait.java:248)&#13;
	at net.serenitybdd.core.pages.WebElementFacadeImpl.waitUntilEnabled(WebElementFacadeImpl.java:960)&#13;
	at net.serenitybdd.core.pages.WebElementFacadeImpl.waitUntilElementAvailable(WebElementFacadeImpl.java:802)&#13;
	at net.serenitybdd.core.pages.WebElementFacadeImpl.click(WebElementFacadeImpl.java:1039)&#13;
	at sun.reflect.GeneratedMethodAccessor17.invoke(Unknown Source)&#13;
	at sun.reflect.DelegatingMethodAccessorImpl.invoke(Unknown Source)&#13;
	at java.lang.reflect.Method.invoke(Unknown Source)&#13;
	at net.thucydides.core.annotations.locators.AbstractSingleItemHandler.invoke(AbstractSingleItemHandler.java:45)&#13;
	at com.sun.proxy.$Proxy21.click(Unknown Source)&#13;
	at com.pmobile.pages.LoginActionPage.verifySearchProducts(LoginActionPage.java:93)&#13;
	at com.pmobile.pages.LoginActionPage$$EnhancerByCGLIB$$e7aff92d.CGLIB$verifySearchProducts$9(&lt;generated&gt;)&#13;
	at com.pmobile.pages.LoginActionPage$$EnhancerByCGLIB$$e7aff92d$$FastClassByCGLIB$$610a5f67.invoke(&lt;generated&gt;)&#13;
	at net.sf.cglib.proxy.MethodProxy.invokeSuper(MethodProxy.java:228)&#13;
	at net.thucydides.core.steps.StepInterceptor.invokeMethod(StepInterceptor.java:449)&#13;
	at net.thucydides.core.steps.StepInterceptor.executeTestStepMethod(StepInterceptor.java:434)&#13;
	at net.thucydides.core.steps.StepInterceptor.runTestStep(StepInterceptor.java:409)&#13;
	at net.thucydides.core.steps.StepInterceptor.runOrSkipMethod(StepInterceptor.java:150)&#13;
	at net.thucydides.core.steps.StepInterceptor.testStepResult(StepInterceptor.java:137)&#13;
	at net.thucydides.core.steps.StepInterceptor.intercept(StepInterceptor.java:68)&#13;
	at com.pmobile.pages.LoginActionPage$$EnhancerByCGLIB$$e7aff92d.verifySearchProducts(&lt;generated&gt;)&#13;
	at com.pmobile.steps.DashBoardPageSteps.user_Click_in_the_search_field_and_conduct_a_search(DashBoardPageSteps.java:74)&#13;
	at âœ½.user Click in the search field and conduct a search "CHEESE CREAM CUP"(src/main/resources/Features/dashBoard.feature:43)&#13;
&#13;
</error>
      </testcase>
    </testsuite>
  </testsuite>
</testrun>
