<?xml version="1.0" encoding="UTF-8"?><testrun name="FeatureRunner" project="PFG.PMobile" tests="1" started="1" failures="0" errors="1" ignored="0">
  <testsuite name="com.pmobile.runner.FeatureRunner" time="21.344">
    <testsuite name="Feature: Verify user able to view Access dash board" time="21.344">
      <testcase name="The user is able to view and search orders when clicking on the order icon from dashboard" classname="Verify user able to view Access dash board" time="21.344">
        <error>org.openqa.selenium.NoSuchElementException: Timed out after 5 seconds. Element not found
For documentation on this error, please visit: http://seleniumhq.org/exceptions/no_such_element.html
Build info: version: '3.11.0', revision: 'e59cfb3', time: '2018-03-11T20:26:55.152Z'
System info: host: 'WCSP-3M1CM32TL', ip: '100.64.99.60', os.name: 'Windows 10', os.arch: 'amd64', os.version: '10.0', java.version: '1.8.0_171'
Driver info: driver.version: unknown&#13;
	at net.thucydides.core.annotations.locators.SmartAjaxElementLocator.ajaxFindElement(SmartAjaxElementLocator.java:173)&#13;
	at net.thucydides.core.annotations.locators.SmartAjaxElementLocator.findElement(SmartAjaxElementLocator.java:125)&#13;
	at net.serenitybdd.core.pages.WebElementResolverByElementLocator.resolveForDriver(WebElementResolverByElementLocator.java:27)&#13;
	at net.serenitybdd.core.pages.WebElementFacadeImpl.getElement(WebElementFacadeImpl.java:208)&#13;
	at net.serenitybdd.core.pages.WebElementFacadeImpl.sendKeys(WebElementFacadeImpl.java:1101)&#13;
	at sun.reflect.NativeMethodAccessorImpl.invoke0(Native Method)&#13;
	at sun.reflect.NativeMethodAccessorImpl.invoke(Unknown Source)&#13;
	at sun.reflect.DelegatingMethodAccessorImpl.invoke(Unknown Source)&#13;
	at java.lang.reflect.Method.invoke(Unknown Source)&#13;
	at net.thucydides.core.annotations.locators.AbstractSingleItemHandler.invoke(AbstractSingleItemHandler.java:45)&#13;
	at com.sun.proxy.$Proxy21.sendKeys(Unknown Source)&#13;
	at com.pmobile.pages.LoginActionPage.setUserName(LoginActionPage.java:30)&#13;
	at com.pmobile.pages.LoginActionPage$$EnhancerByCGLIB$$e7aff92d.CGLIB$setUserName$4(&lt;generated&gt;)&#13;
	at com.pmobile.pages.LoginActionPage$$EnhancerByCGLIB$$e7aff92d$$FastClassByCGLIB$$610a5f67.invoke(&lt;generated&gt;)&#13;
	at net.sf.cglib.proxy.MethodProxy.invokeSuper(MethodProxy.java:228)&#13;
	at net.thucydides.core.steps.StepInterceptor.invokeMethod(StepInterceptor.java:449)&#13;
	at net.thucydides.core.steps.StepInterceptor.executeTestStepMethod(StepInterceptor.java:434)&#13;
	at net.thucydides.core.steps.StepInterceptor.runTestStep(StepInterceptor.java:409)&#13;
	at net.thucydides.core.steps.StepInterceptor.runOrSkipMethod(StepInterceptor.java:150)&#13;
	at net.thucydides.core.steps.StepInterceptor.testStepResult(StepInterceptor.java:137)&#13;
	at net.thucydides.core.steps.StepInterceptor.intercept(StepInterceptor.java:68)&#13;
	at com.pmobile.pages.LoginActionPage$$EnhancerByCGLIB$$e7aff92d.setUserName(&lt;generated&gt;)&#13;
	at com.pmobile.steps.DashBoardPageSteps.user_enter_valid_user_id_password(DashBoardPageSteps.java:37)&#13;
	at âœ½.user enter valid user id "1008" password "test"(src/main/resources/Features/dashBoard.feature:4)&#13;
&#13;
</error>
      </testcase>
    </testsuite>
  </testsuite>
</testrun>
