{"name":"The user is able to navigate through product details when clicking on the arrow to go to next item","id":"the-user-is-able-to-view--navigate-on-the-proiduct-details;the-user-is-able-to-navigate-through-product-details-when-clicking-on-the-arrow-to-go-to-next-item","testSteps":[{"number":1,"description":"The user is able to navigate through product details when clicking on the arrow to go to next item #1: {UserId\u003d1008, pwd\u003dtest}","duration":26001,"startTime":"2018-05-24T17:45:57.794-04:00[America/New_York]","exception":{"errorType":"net.thucydides.core.webdriver.exceptions.ElementShouldBeEnabledException","message":"Expected enabled element was not enabled\nBuild info: version: \u00273.11.0\u0027, revision: \u0027e59cfb3\u0027, time: \u00272018-03-11T20:26:55.152Z\u0027\nSystem info: host: \u0027WCSP-3M1CM32TL\u0027, ip: \u002710.32.4.113\u0027, os.name: \u0027Windows 10\u0027, os.arch: \u0027amd64\u0027, os.version: \u002710.0\u0027, java.version: \u00271.8.0_171\u0027\nDriver info: driver.version: unknown","stackTrace":[{"declaringClass":"com.pmobile.pages.LoginActionPage","methodName":"clickOnOrder","fileName":"LoginActionPage.java","lineNumber":58},{"declaringClass":"com.pmobile.steps.DashBoardPageSteps","methodName":"user_click_on_the_order_icon","fileName":"DashBoardPageSteps.java","lineNumber":56},{"declaringClass":"✽","methodName":"user click on the order icon","fileName":"src/main/resources/Features/productDetail.feature","lineNumber":24}]},"result":"FAILURE","precondition":false,"children":[{"number":2,"description":"Given user on the application","duration":3485,"startTime":"2018-05-24T17:45:57.794-04:00[America/New_York]","screenshots":[{"screenshot":"21b9005817cf7c8686e9dfd7b66b49c922e647dd870765e0ef0b5cb7bebe7618.png"}],"result":"SUCCESS","precondition":false,"children":[{"number":3,"description":"Open home page","duration":3209,"startTime":"2018-05-24T17:45:57.801-04:00[America/New_York]","screenshots":[{"screenshot":"5514516fd412c2216a6daffe271992bfd298df12644b1bfaa8441808a3da58dd.png"}],"result":"SUCCESS","precondition":false}]},{"number":4,"description":"When user enter valid user id \"1008\" password \"test\"","duration":9156,"startTime":"2018-05-24T17:46:01.279-04:00[America/New_York]","screenshots":[{"screenshot":"2b7d7fa717a1086df9f08a448e16c38b5fcadf9c470be85037fc1fe8a43c2a9f.png"}],"result":"SUCCESS","precondition":false,"children":[{"number":5,"description":"Set user name: 1008","duration":3057,"startTime":"2018-05-24T17:46:01.280-04:00[America/New_York]","screenshots":[{"screenshot":"41a4b7fb49fbed9b6e4eee99caf6bad6f9e27b59c9ed75a91aa81469b81ba33c.png"}],"result":"SUCCESS","precondition":false},{"number":6,"description":"Set password: test","duration":361,"startTime":"2018-05-24T17:46:04.337-04:00[America/New_York]","screenshots":[{"screenshot":"3d563d33740b9cd1555ffc1df8f4a027d9cfcf8bb15b12ed57af6ad90d9f7568.png"}],"result":"SUCCESS","precondition":false},{"number":7,"description":"Click login","duration":5468,"startTime":"2018-05-24T17:46:04.699-04:00[America/New_York]","screenshots":[{"screenshot":"c49192593dfe79c2258e6d1ee0d15b8f38cfe54c6efcaf199ba6cf55605e5426.png"}],"result":"SUCCESS","precondition":false}]},{"number":8,"description":"And user click on the order icon","duration":13353,"startTime":"2018-05-24T17:46:10.435-04:00[America/New_York]","exception":{"errorType":"net.thucydides.core.webdriver.exceptions.ElementShouldBeEnabledException","message":"Expected enabled element was not enabled\nBuild info: version: \u00273.11.0\u0027, revision: \u0027e59cfb3\u0027, time: \u00272018-03-11T20:26:55.152Z\u0027\nSystem info: host: \u0027WCSP-3M1CM32TL\u0027, ip: \u002710.32.4.113\u0027, os.name: \u0027Windows 10\u0027, os.arch: \u0027amd64\u0027, os.version: \u002710.0\u0027, java.version: \u00271.8.0_171\u0027\nDriver info: driver.version: unknown","stackTrace":[{"declaringClass":"com.pmobile.pages.LoginActionPage","methodName":"clickOnOrder","fileName":"LoginActionPage.java","lineNumber":58},{"declaringClass":"com.pmobile.steps.DashBoardPageSteps","methodName":"user_click_on_the_order_icon","fileName":"DashBoardPageSteps.java","lineNumber":56},{"declaringClass":"✽","methodName":"user click on the order icon","fileName":"src/main/resources/Features/productDetail.feature","lineNumber":24}]},"result":"FAILURE","precondition":false,"children":[{"number":9,"description":"Click on order","duration":13349,"startTime":"2018-05-24T17:46:10.436-04:00[America/New_York]","screenshots":[{"screenshot":"ce493e294eb4fd2fe15eeef854e3797eedf71f55dc1df3f6116599cefeede033.png","htmlSource":"pagesource354711305814140308.html.txt"}],"exception":{"errorType":"net.thucydides.core.webdriver.exceptions.ElementShouldBeEnabledException","message":"Expected enabled element was not enabled","stackTrace":[{"declaringClass":"com.pmobile.pages.LoginActionPage","methodName":"clickOnOrder","fileName":"LoginActionPage.java","lineNumber":58},{"declaringClass":"com.pmobile.steps.DashBoardPageSteps","methodName":"user_click_on_the_order_icon","fileName":"DashBoardPageSteps.java","lineNumber":56},{"declaringClass":"cucumber.runner.Runner","methodName":"runPickle","fileName":"Runner.java","lineNumber":80},{"declaringClass":"org.eclipse.jdt.internal.junit4.runner.JUnit4TestReference","methodName":"run","fileName":"JUnit4TestReference.java","lineNumber":86},{"declaringClass":"org.eclipse.jdt.internal.junit.runner.TestExecution","methodName":"run","fileName":"TestExecution.java","lineNumber":38},{"declaringClass":"org.eclipse.jdt.internal.junit.runner.RemoteTestRunner","methodName":"runTests","fileName":"RemoteTestRunner.java","lineNumber":459},{"declaringClass":"org.eclipse.jdt.internal.junit.runner.RemoteTestRunner","methodName":"runTests","fileName":"RemoteTestRunner.java","lineNumber":678},{"declaringClass":"org.eclipse.jdt.internal.junit.runner.RemoteTestRunner","methodName":"run","fileName":"RemoteTestRunner.java","lineNumber":382},{"declaringClass":"org.eclipse.jdt.internal.junit.runner.RemoteTestRunner","methodName":"main","fileName":"RemoteTestRunner.java","lineNumber":192}],"rootCause":{"errorType":"org.openqa.selenium.TimeoutException","message":"Expected condition failed: waiting for DashBoardElementPage.orderButton to be enabled (tried for 5 second(s) with 100 milliseconds interval)","stackTrace":[{"declaringClass":"com.pmobile.pages.LoginActionPage","methodName":"clickOnOrder","fileName":"LoginActionPage.java","lineNumber":58},{"declaringClass":"com.pmobile.steps.DashBoardPageSteps","methodName":"user_click_on_the_order_icon","fileName":"DashBoardPageSteps.java","lineNumber":56},{"declaringClass":"cucumber.runner.Runner","methodName":"runPickle","fileName":"Runner.java","lineNumber":80},{"declaringClass":"org.eclipse.jdt.internal.junit4.runner.JUnit4TestReference","methodName":"run","fileName":"JUnit4TestReference.java","lineNumber":86},{"declaringClass":"org.eclipse.jdt.internal.junit.runner.TestExecution","methodName":"run","fileName":"TestExecution.java","lineNumber":38},{"declaringClass":"org.eclipse.jdt.internal.junit.runner.RemoteTestRunner","methodName":"runTests","fileName":"RemoteTestRunner.java","lineNumber":459},{"declaringClass":"org.eclipse.jdt.internal.junit.runner.RemoteTestRunner","methodName":"runTests","fileName":"RemoteTestRunner.java","lineNumber":678},{"declaringClass":"org.eclipse.jdt.internal.junit.runner.RemoteTestRunner","methodName":"run","fileName":"RemoteTestRunner.java","lineNumber":382},{"declaringClass":"org.eclipse.jdt.internal.junit.runner.RemoteTestRunner","methodName":"main","fileName":"RemoteTestRunner.java","lineNumber":192}],"rootCause":{"errorType":"org.openqa.selenium.NoSuchElementException","message":"Timed out after 5 seconds. Element not found\nFor documentation on this error, please visit: http://seleniumhq.org/exceptions/no_such_element.html\nBuild info: version: \u00273.11.0\u0027, revision: \u0027e59cfb3\u0027, time: \u00272018-03-11T20:26:55.152Z\u0027\nSystem info: host: \u0027WCSP-3M1CM32TL\u0027, ip: \u002710.32.4.113\u0027, os.name: \u0027Windows 10\u0027, os.arch: \u0027amd64\u0027, os.version: \u002710.0\u0027, java.version: \u00271.8.0_171\u0027\nDriver info: driver.version: unknown","stackTrace":[{"declaringClass":"com.pmobile.pages.LoginActionPage","methodName":"clickOnOrder","fileName":"LoginActionPage.java","lineNumber":58},{"declaringClass":"com.pmobile.steps.DashBoardPageSteps","methodName":"user_click_on_the_order_icon","fileName":"DashBoardPageSteps.java","lineNumber":56},{"declaringClass":"cucumber.runner.Runner","methodName":"runPickle","fileName":"Runner.java","lineNumber":80},{"declaringClass":"org.eclipse.jdt.internal.junit4.runner.JUnit4TestReference","methodName":"run","fileName":"JUnit4TestReference.java","lineNumber":86},{"declaringClass":"org.eclipse.jdt.internal.junit.runner.TestExecution","methodName":"run","fileName":"TestExecution.java","lineNumber":38},{"declaringClass":"org.eclipse.jdt.internal.junit.runner.RemoteTestRunner","methodName":"runTests","fileName":"RemoteTestRunner.java","lineNumber":459},{"declaringClass":"org.eclipse.jdt.internal.junit.runner.RemoteTestRunner","methodName":"runTests","fileName":"RemoteTestRunner.java","lineNumber":678},{"declaringClass":"org.eclipse.jdt.internal.junit.runner.RemoteTestRunner","methodName":"run","fileName":"RemoteTestRunner.java","lineNumber":382},{"declaringClass":"org.eclipse.jdt.internal.junit.runner.RemoteTestRunner","methodName":"main","fileName":"RemoteTestRunner.java","lineNumber":192}]}}},"result":"FAILURE","precondition":false}]},{"number":10,"description":"Then Verify orders details are successfully displays","duration":1,"startTime":"2018-05-24T17:46:23.788-04:00[America/New_York]","result":"SKIPPED","precondition":false},{"number":11,"description":"When click on the new button","duration":1,"startTime":"2018-05-24T17:46:23.789-04:00[America/New_York]","result":"SKIPPED","precondition":false},{"number":12,"description":"Then order entry screen successfully populated on screen","duration":1,"startTime":"2018-05-24T17:46:23.790-04:00[America/New_York]","result":"SKIPPED","precondition":false},{"number":13,"description":"When click on the item","duration":0,"startTime":"2018-05-24T17:46:23.791-04:00[America/New_York]","result":"SKIPPED","precondition":false},{"number":14,"description":"Then item detail screen successfully populated","duration":1,"startTime":"2018-05-24T17:46:23.791-04:00[America/New_York]","result":"SKIPPED","precondition":false},{"number":15,"description":"When using the top right arrows navigate to peviuos and next item","duration":0,"startTime":"2018-05-24T17:46:23.792-04:00[America/New_York]","result":"SKIPPED","precondition":false},{"number":16,"description":"Then navigation will be success","duration":0,"startTime":"2018-05-24T17:46:23.793-04:00[America/New_York]","result":"SKIPPED","precondition":false}]}],"userStory":{"id":"the-user-is-able-to-view--navigate-on-the-proiduct-details","storyName":"The user is able to view, navigate on the proiduct details","path":"src/main/resources/Features/productDetail.feature","type":"feature"},"featureTag":{"name":"Features/The user is able to view, navigate on the proiduct details","type":"feature"},"title":"The user is able to navigate through product details when clicking on the arrow to go to next item","startTime":"2018-05-24T17:45:57.792-04:00[America/New_York]","duration":45174,"testFailureCause":{"errorType":"net.thucydides.core.webdriver.exceptions.ElementShouldBeEnabledException","message":"Expected enabled element was not enabled","stackTrace":[{"declaringClass":"com.pmobile.pages.LoginActionPage","methodName":"clickOnOrder","fileName":"LoginActionPage.java","lineNumber":58},{"declaringClass":"com.pmobile.steps.DashBoardPageSteps","methodName":"user_click_on_the_order_icon","fileName":"DashBoardPageSteps.java","lineNumber":56},{"declaringClass":"cucumber.runner.Runner","methodName":"runPickle","fileName":"Runner.java","lineNumber":80},{"declaringClass":"org.eclipse.jdt.internal.junit4.runner.JUnit4TestReference","methodName":"run","fileName":"JUnit4TestReference.java","lineNumber":86},{"declaringClass":"org.eclipse.jdt.internal.junit.runner.TestExecution","methodName":"run","fileName":"TestExecution.java","lineNumber":38},{"declaringClass":"org.eclipse.jdt.internal.junit.runner.RemoteTestRunner","methodName":"runTests","fileName":"RemoteTestRunner.java","lineNumber":459},{"declaringClass":"org.eclipse.jdt.internal.junit.runner.RemoteTestRunner","methodName":"runTests","fileName":"RemoteTestRunner.java","lineNumber":678},{"declaringClass":"org.eclipse.jdt.internal.junit.runner.RemoteTestRunner","methodName":"run","fileName":"RemoteTestRunner.java","lineNumber":382},{"declaringClass":"org.eclipse.jdt.internal.junit.runner.RemoteTestRunner","methodName":"main","fileName":"RemoteTestRunner.java","lineNumber":192}],"rootCause":{"errorType":"org.openqa.selenium.TimeoutException","message":"Expected condition failed: waiting for DashBoardElementPage.orderButton to be enabled (tried for 5 second(s) with 100 milliseconds interval)","stackTrace":[{"declaringClass":"com.pmobile.pages.LoginActionPage","methodName":"clickOnOrder","fileName":"LoginActionPage.java","lineNumber":58},{"declaringClass":"com.pmobile.steps.DashBoardPageSteps","methodName":"user_click_on_the_order_icon","fileName":"DashBoardPageSteps.java","lineNumber":56},{"declaringClass":"cucumber.runner.Runner","methodName":"runPickle","fileName":"Runner.java","lineNumber":80},{"declaringClass":"org.eclipse.jdt.internal.junit4.runner.JUnit4TestReference","methodName":"run","fileName":"JUnit4TestReference.java","lineNumber":86},{"declaringClass":"org.eclipse.jdt.internal.junit.runner.TestExecution","methodName":"run","fileName":"TestExecution.java","lineNumber":38},{"declaringClass":"org.eclipse.jdt.internal.junit.runner.RemoteTestRunner","methodName":"runTests","fileName":"RemoteTestRunner.java","lineNumber":459},{"declaringClass":"org.eclipse.jdt.internal.junit.runner.RemoteTestRunner","methodName":"runTests","fileName":"RemoteTestRunner.java","lineNumber":678},{"declaringClass":"org.eclipse.jdt.internal.junit.runner.RemoteTestRunner","methodName":"run","fileName":"RemoteTestRunner.java","lineNumber":382},{"declaringClass":"org.eclipse.jdt.internal.junit.runner.RemoteTestRunner","methodName":"main","fileName":"RemoteTestRunner.java","lineNumber":192}],"rootCause":{"errorType":"org.openqa.selenium.NoSuchElementException","message":"Timed out after 5 seconds. Element not found\nFor documentation on this error, please visit: http://seleniumhq.org/exceptions/no_such_element.html\nBuild info: version: \u00273.11.0\u0027, revision: \u0027e59cfb3\u0027, time: \u00272018-03-11T20:26:55.152Z\u0027\nSystem info: host: \u0027WCSP-3M1CM32TL\u0027, ip: \u002710.32.4.113\u0027, os.name: \u0027Windows 10\u0027, os.arch: \u0027amd64\u0027, os.version: \u002710.0\u0027, java.version: \u00271.8.0_171\u0027\nDriver info: driver.version: unknown","stackTrace":[{"declaringClass":"com.pmobile.pages.LoginActionPage","methodName":"clickOnOrder","fileName":"LoginActionPage.java","lineNumber":58},{"declaringClass":"com.pmobile.steps.DashBoardPageSteps","methodName":"user_click_on_the_order_icon","fileName":"DashBoardPageSteps.java","lineNumber":56},{"declaringClass":"cucumber.runner.Runner","methodName":"runPickle","fileName":"Runner.java","lineNumber":80},{"declaringClass":"org.eclipse.jdt.internal.junit4.runner.JUnit4TestReference","methodName":"run","fileName":"JUnit4TestReference.java","lineNumber":86},{"declaringClass":"org.eclipse.jdt.internal.junit.runner.TestExecution","methodName":"run","fileName":"TestExecution.java","lineNumber":38},{"declaringClass":"org.eclipse.jdt.internal.junit.runner.RemoteTestRunner","methodName":"runTests","fileName":"RemoteTestRunner.java","lineNumber":459},{"declaringClass":"org.eclipse.jdt.internal.junit.runner.RemoteTestRunner","methodName":"runTests","fileName":"RemoteTestRunner.java","lineNumber":678},{"declaringClass":"org.eclipse.jdt.internal.junit.runner.RemoteTestRunner","methodName":"run","fileName":"RemoteTestRunner.java","lineNumber":382},{"declaringClass":"org.eclipse.jdt.internal.junit.runner.RemoteTestRunner","methodName":"main","fileName":"RemoteTestRunner.java","lineNumber":192}]}}},"testFailureClassname":"net.thucydides.core.webdriver.exceptions.ElementShouldBeEnabledException","testFailureMessage":"Expected enabled element was not enabled","testFailureSummary":"FAILURE;net.thucydides.core.webdriver.exceptions.ElementShouldBeEnabledException;Expected enabled element was not enabled;LoginActionPage.java","projectKey":"","annotatedResult":"FAILURE","sessionId":"d47475eb58fde43636f93cff9e4ea5f0","driver":"chrome","dataTable":{"headers":["UserId","pwd"],"rows":[{"values":["1008","test"],"result":"FAILURE"}],"predefinedRows":true,"scenarioOutline":"Given user on the application\n\rWhen user enter valid user id \"\u003cUserId\u003e\" password \"\u003cpwd\u003e\"\n\rAnd user click on the order icon\n\rThen Verify orders details are successfully displays\n\rWhen click on the new button\n\rThen order entry screen successfully populated on screen\n\rWhen click on the item\n\rThen item detail screen successfully populated\n\rWhen using the top right arrows navigate to peviuos and next item\n\rThen navigation will be success\n\r","dataSetDescriptors":[{"startRow":0,"rowCount":0,"name":""}]},"manual":false,"testSource":"Cucumber","result":"FAILURE"}