{"name":"The user is able to navigate back to order from product details when clicking on the back arrow","id":"the-user-is-able-to-view--navigate-on-the-proiduct-details;the-user-is-able-to-navigate-back-to-order-from-product-details-when-clicking-on-the-back-arrow","testSteps":[{"number":1,"description":"The user is able to navigate back to order from product details when clicking on the back arrow #1: {UserId\u003d1008, pwd\u003dtest}","duration":25671,"startTime":"2018-05-24T17:46:42.970-04:00[America/New_York]","exception":{"errorType":"net.thucydides.core.webdriver.exceptions.ElementShouldBeEnabledException","message":"Expected enabled element was not enabled\nBuild info: version: \u00273.11.0\u0027, revision: \u0027e59cfb3\u0027, time: \u00272018-03-11T20:26:55.152Z\u0027\nSystem info: host: \u0027WCSP-3M1CM32TL\u0027, ip: \u002710.32.4.113\u0027, os.name: \u0027Windows 10\u0027, os.arch: \u0027amd64\u0027, os.version: \u002710.0\u0027, java.version: \u00271.8.0_171\u0027\nDriver info: driver.version: unknown","stackTrace":[{"declaringClass":"com.pmobile.pages.LoginActionPage","methodName":"clickOnOrder","fileName":"LoginActionPage.java","lineNumber":58},{"declaringClass":"com.pmobile.steps.DashBoardPageSteps","methodName":"user_click_on_the_order_icon","fileName":"DashBoardPageSteps.java","lineNumber":56},{"declaringClass":"✽","methodName":"user click on the order icon","fileName":"src/main/resources/Features/productDetail.feature","lineNumber":39}]},"result":"FAILURE","precondition":false,"children":[{"number":2,"description":"Given user on the application","duration":3010,"startTime":"2018-05-24T17:46:42.971-04:00[America/New_York]","screenshots":[{"screenshot":"485b24ba6035a534c7961804e2d84fdbfd23920adffbedf0751c2d6aefea8eaa.png"}],"result":"SUCCESS","precondition":false,"children":[{"number":3,"description":"Open home page","duration":2701,"startTime":"2018-05-24T17:46:42.978-04:00[America/New_York]","screenshots":[{"screenshot":"fd0f44ad0dffab789b9a05b5da24bfabb1d8d46bdfefb86b038a1b5eebf962f5.png"}],"result":"SUCCESS","precondition":false}]},{"number":4,"description":"When user enter valid user id \"1008\" password \"test\"","duration":9253,"startTime":"2018-05-24T17:46:45.981-04:00[America/New_York]","screenshots":[{"screenshot":"73f22368cbf30183639f0ed4e2b1130aac38d88fdf49da8b91c3428497b5a349.png"}],"result":"SUCCESS","precondition":false,"children":[{"number":5,"description":"Set user name: 1008","duration":3243,"startTime":"2018-05-24T17:46:45.983-04:00[America/New_York]","screenshots":[{"screenshot":"137e8a0c3056a464b23a1e1cdfadb6dbfac19a914072081e2e448ae3cc174d62.png"}],"result":"SUCCESS","precondition":false},{"number":6,"description":"Set password: test","duration":357,"startTime":"2018-05-24T17:46:49.226-04:00[America/New_York]","screenshots":[{"screenshot":"79f4034ea87f79e37203b081c97886e61c48c5702a7ae8886011fe4a478c158e.png"}],"result":"SUCCESS","precondition":false},{"number":7,"description":"Click login","duration":5378,"startTime":"2018-05-24T17:46:49.584-04:00[America/New_York]","screenshots":[{"screenshot":"ce4487a4e8a4f83061f64ab6e6bbe8aaaf00ac5dc2d884cbfd43732e0bb13c51.png"}],"result":"SUCCESS","precondition":false}]},{"number":8,"description":"And user click on the order icon","duration":13400,"startTime":"2018-05-24T17:46:55.234-04:00[America/New_York]","exception":{"errorType":"net.thucydides.core.webdriver.exceptions.ElementShouldBeEnabledException","message":"Expected enabled element was not enabled\nBuild info: version: \u00273.11.0\u0027, revision: \u0027e59cfb3\u0027, time: \u00272018-03-11T20:26:55.152Z\u0027\nSystem info: host: \u0027WCSP-3M1CM32TL\u0027, ip: \u002710.32.4.113\u0027, os.name: \u0027Windows 10\u0027, os.arch: \u0027amd64\u0027, os.version: \u002710.0\u0027, java.version: \u00271.8.0_171\u0027\nDriver info: driver.version: unknown","stackTrace":[{"declaringClass":"com.pmobile.pages.LoginActionPage","methodName":"clickOnOrder","fileName":"LoginActionPage.java","lineNumber":58},{"declaringClass":"com.pmobile.steps.DashBoardPageSteps","methodName":"user_click_on_the_order_icon","fileName":"DashBoardPageSteps.java","lineNumber":56},{"declaringClass":"✽","methodName":"user click on the order icon","fileName":"src/main/resources/Features/productDetail.feature","lineNumber":39}]},"result":"FAILURE","precondition":false,"children":[{"number":9,"description":"Click on order","duration":13396,"startTime":"2018-05-24T17:46:55.235-04:00[America/New_York]","screenshots":[{"screenshot":"6dea2cd011028db3c4ba3a67aacec74d051cd2af0a188d846857e2ee22bc4c42.png","htmlSource":"pagesource8824188099126009396.html.txt"}],"exception":{"errorType":"net.thucydides.core.webdriver.exceptions.ElementShouldBeEnabledException","message":"Expected enabled element was not enabled","stackTrace":[{"declaringClass":"com.pmobile.pages.LoginActionPage","methodName":"clickOnOrder","fileName":"LoginActionPage.java","lineNumber":58},{"declaringClass":"com.pmobile.steps.DashBoardPageSteps","methodName":"user_click_on_the_order_icon","fileName":"DashBoardPageSteps.java","lineNumber":56},{"declaringClass":"cucumber.runner.Runner","methodName":"runPickle","fileName":"Runner.java","lineNumber":80},{"declaringClass":"org.eclipse.jdt.internal.junit4.runner.JUnit4TestReference","methodName":"run","fileName":"JUnit4TestReference.java","lineNumber":86},{"declaringClass":"org.eclipse.jdt.internal.junit.runner.TestExecution","methodName":"run","fileName":"TestExecution.java","lineNumber":38},{"declaringClass":"org.eclipse.jdt.internal.junit.runner.RemoteTestRunner","methodName":"runTests","fileName":"RemoteTestRunner.java","lineNumber":459},{"declaringClass":"org.eclipse.jdt.internal.junit.runner.RemoteTestRunner","methodName":"runTests","fileName":"RemoteTestRunner.java","lineNumber":678},{"declaringClass":"org.eclipse.jdt.internal.junit.runner.RemoteTestRunner","methodName":"run","fileName":"RemoteTestRunner.java","lineNumber":382},{"declaringClass":"org.eclipse.jdt.internal.junit.runner.RemoteTestRunner","methodName":"main","fileName":"RemoteTestRunner.java","lineNumber":192}],"rootCause":{"errorType":"org.openqa.selenium.TimeoutException","message":"Expected condition failed: waiting for DashBoardElementPage.orderButton to be enabled (tried for 5 second(s) with 100 milliseconds interval)","stackTrace":[{"declaringClass":"com.pmobile.pages.LoginActionPage","methodName":"clickOnOrder","fileName":"LoginActionPage.java","lineNumber":58},{"declaringClass":"com.pmobile.steps.DashBoardPageSteps","methodName":"user_click_on_the_order_icon","fileName":"DashBoardPageSteps.java","lineNumber":56},{"declaringClass":"cucumber.runner.Runner","methodName":"runPickle","fileName":"Runner.java","lineNumber":80},{"declaringClass":"org.eclipse.jdt.internal.junit4.runner.JUnit4TestReference","methodName":"run","fileName":"JUnit4TestReference.java","lineNumber":86},{"declaringClass":"org.eclipse.jdt.internal.junit.runner.TestExecution","methodName":"run","fileName":"TestExecution.java","lineNumber":38},{"declaringClass":"org.eclipse.jdt.internal.junit.runner.RemoteTestRunner","methodName":"runTests","fileName":"RemoteTestRunner.java","lineNumber":459},{"declaringClass":"org.eclipse.jdt.internal.junit.runner.RemoteTestRunner","methodName":"runTests","fileName":"RemoteTestRunner.java","lineNumber":678},{"declaringClass":"org.eclipse.jdt.internal.junit.runner.RemoteTestRunner","methodName":"run","fileName":"RemoteTestRunner.java","lineNumber":382},{"declaringClass":"org.eclipse.jdt.internal.junit.runner.RemoteTestRunner","methodName":"main","fileName":"RemoteTestRunner.java","lineNumber":192}],"rootCause":{"errorType":"org.openqa.selenium.NoSuchElementException","message":"Timed out after 5 seconds. Element not found\nFor documentation on this error, please visit: http://seleniumhq.org/exceptions/no_such_element.html\nBuild info: version: \u00273.11.0\u0027, revision: \u0027e59cfb3\u0027, time: \u00272018-03-11T20:26:55.152Z\u0027\nSystem info: host: \u0027WCSP-3M1CM32TL\u0027, ip: \u002710.32.4.113\u0027, os.name: \u0027Windows 10\u0027, os.arch: \u0027amd64\u0027, os.version: \u002710.0\u0027, java.version: \u00271.8.0_171\u0027\nDriver info: driver.version: unknown","stackTrace":[{"declaringClass":"com.pmobile.pages.LoginActionPage","methodName":"clickOnOrder","fileName":"LoginActionPage.java","lineNumber":58},{"declaringClass":"com.pmobile.steps.DashBoardPageSteps","methodName":"user_click_on_the_order_icon","fileName":"DashBoardPageSteps.java","lineNumber":56},{"declaringClass":"cucumber.runner.Runner","methodName":"runPickle","fileName":"Runner.java","lineNumber":80},{"declaringClass":"org.eclipse.jdt.internal.junit4.runner.JUnit4TestReference","methodName":"run","fileName":"JUnit4TestReference.java","lineNumber":86},{"declaringClass":"org.eclipse.jdt.internal.junit.runner.TestExecution","methodName":"run","fileName":"TestExecution.java","lineNumber":38},{"declaringClass":"org.eclipse.jdt.internal.junit.runner.RemoteTestRunner","methodName":"runTests","fileName":"RemoteTestRunner.java","lineNumber":459},{"declaringClass":"org.eclipse.jdt.internal.junit.runner.RemoteTestRunner","methodName":"runTests","fileName":"RemoteTestRunner.java","lineNumber":678},{"declaringClass":"org.eclipse.jdt.internal.junit.runner.RemoteTestRunner","methodName":"run","fileName":"RemoteTestRunner.java","lineNumber":382},{"declaringClass":"org.eclipse.jdt.internal.junit.runner.RemoteTestRunner","methodName":"main","fileName":"RemoteTestRunner.java","lineNumber":192}]}}},"result":"FAILURE","precondition":false}]},{"number":10,"description":"Then Verify orders details are successfully displays","duration":1,"startTime":"2018-05-24T17:47:08.635-04:00[America/New_York]","result":"SKIPPED","precondition":false},{"number":11,"description":"When click on the new button","duration":1,"startTime":"2018-05-24T17:47:08.636-04:00[America/New_York]","result":"SKIPPED","precondition":false},{"number":12,"description":"Then order entry screen successfully populated on screen","duration":0,"startTime":"2018-05-24T17:47:08.637-04:00[America/New_York]","result":"SKIPPED","precondition":false},{"number":13,"description":"When click on the item","duration":1,"startTime":"2018-05-24T17:47:08.637-04:00[America/New_York]","result":"SKIPPED","precondition":false},{"number":14,"description":"Then item detail screen successfully populated","duration":0,"startTime":"2018-05-24T17:47:08.638-04:00[America/New_York]","result":"SKIPPED","precondition":false},{"number":15,"description":"When click on the top left arrows in th edetails bar","duration":1,"startTime":"2018-05-24T17:47:08.638-04:00[America/New_York]","result":"SKIPPED","precondition":false},{"number":16,"description":"Then successfully navigated back to main order entry screen","duration":1,"startTime":"2018-05-24T17:47:08.639-04:00[America/New_York]","result":"SKIPPED","precondition":false}]}],"userStory":{"id":"the-user-is-able-to-view--navigate-on-the-proiduct-details","storyName":"The user is able to view, navigate on the proiduct details","path":"src/main/resources/Features/productDetail.feature","type":"feature"},"featureTag":{"name":"Features/The user is able to view, navigate on the proiduct details","type":"feature"},"title":"The user is able to navigate back to order from product details when clicking on the back arrow","startTime":"2018-05-24T17:46:42.969-04:00[America/New_York]","duration":45744,"testFailureCause":{"errorType":"net.thucydides.core.webdriver.exceptions.ElementShouldBeEnabledException","message":"Expected enabled element was not enabled","stackTrace":[{"declaringClass":"com.pmobile.pages.LoginActionPage","methodName":"clickOnOrder","fileName":"LoginActionPage.java","lineNumber":58},{"declaringClass":"com.pmobile.steps.DashBoardPageSteps","methodName":"user_click_on_the_order_icon","fileName":"DashBoardPageSteps.java","lineNumber":56},{"declaringClass":"cucumber.runner.Runner","methodName":"runPickle","fileName":"Runner.java","lineNumber":80},{"declaringClass":"org.eclipse.jdt.internal.junit4.runner.JUnit4TestReference","methodName":"run","fileName":"JUnit4TestReference.java","lineNumber":86},{"declaringClass":"org.eclipse.jdt.internal.junit.runner.TestExecution","methodName":"run","fileName":"TestExecution.java","lineNumber":38},{"declaringClass":"org.eclipse.jdt.internal.junit.runner.RemoteTestRunner","methodName":"runTests","fileName":"RemoteTestRunner.java","lineNumber":459},{"declaringClass":"org.eclipse.jdt.internal.junit.runner.RemoteTestRunner","methodName":"runTests","fileName":"RemoteTestRunner.java","lineNumber":678},{"declaringClass":"org.eclipse.jdt.internal.junit.runner.RemoteTestRunner","methodName":"run","fileName":"RemoteTestRunner.java","lineNumber":382},{"declaringClass":"org.eclipse.jdt.internal.junit.runner.RemoteTestRunner","methodName":"main","fileName":"RemoteTestRunner.java","lineNumber":192}],"rootCause":{"errorType":"org.openqa.selenium.TimeoutException","message":"Expected condition failed: waiting for DashBoardElementPage.orderButton to be enabled (tried for 5 second(s) with 100 milliseconds interval)","stackTrace":[{"declaringClass":"com.pmobile.pages.LoginActionPage","methodName":"clickOnOrder","fileName":"LoginActionPage.java","lineNumber":58},{"declaringClass":"com.pmobile.steps.DashBoardPageSteps","methodName":"user_click_on_the_order_icon","fileName":"DashBoardPageSteps.java","lineNumber":56},{"declaringClass":"cucumber.runner.Runner","methodName":"runPickle","fileName":"Runner.java","lineNumber":80},{"declaringClass":"org.eclipse.jdt.internal.junit4.runner.JUnit4TestReference","methodName":"run","fileName":"JUnit4TestReference.java","lineNumber":86},{"declaringClass":"org.eclipse.jdt.internal.junit.runner.TestExecution","methodName":"run","fileName":"TestExecution.java","lineNumber":38},{"declaringClass":"org.eclipse.jdt.internal.junit.runner.RemoteTestRunner","methodName":"runTests","fileName":"RemoteTestRunner.java","lineNumber":459},{"declaringClass":"org.eclipse.jdt.internal.junit.runner.RemoteTestRunner","methodName":"runTests","fileName":"RemoteTestRunner.java","lineNumber":678},{"declaringClass":"org.eclipse.jdt.internal.junit.runner.RemoteTestRunner","methodName":"run","fileName":"RemoteTestRunner.java","lineNumber":382},{"declaringClass":"org.eclipse.jdt.internal.junit.runner.RemoteTestRunner","methodName":"main","fileName":"RemoteTestRunner.java","lineNumber":192}],"rootCause":{"errorType":"org.openqa.selenium.NoSuchElementException","message":"Timed out after 5 seconds. Element not found\nFor documentation on this error, please visit: http://seleniumhq.org/exceptions/no_such_element.html\nBuild info: version: \u00273.11.0\u0027, revision: \u0027e59cfb3\u0027, time: \u00272018-03-11T20:26:55.152Z\u0027\nSystem info: host: \u0027WCSP-3M1CM32TL\u0027, ip: \u002710.32.4.113\u0027, os.name: \u0027Windows 10\u0027, os.arch: \u0027amd64\u0027, os.version: \u002710.0\u0027, java.version: \u00271.8.0_171\u0027\nDriver info: driver.version: unknown","stackTrace":[{"declaringClass":"com.pmobile.pages.LoginActionPage","methodName":"clickOnOrder","fileName":"LoginActionPage.java","lineNumber":58},{"declaringClass":"com.pmobile.steps.DashBoardPageSteps","methodName":"user_click_on_the_order_icon","fileName":"DashBoardPageSteps.java","lineNumber":56},{"declaringClass":"cucumber.runner.Runner","methodName":"runPickle","fileName":"Runner.java","lineNumber":80},{"declaringClass":"org.eclipse.jdt.internal.junit4.runner.JUnit4TestReference","methodName":"run","fileName":"JUnit4TestReference.java","lineNumber":86},{"declaringClass":"org.eclipse.jdt.internal.junit.runner.TestExecution","methodName":"run","fileName":"TestExecution.java","lineNumber":38},{"declaringClass":"org.eclipse.jdt.internal.junit.runner.RemoteTestRunner","methodName":"runTests","fileName":"RemoteTestRunner.java","lineNumber":459},{"declaringClass":"org.eclipse.jdt.internal.junit.runner.RemoteTestRunner","methodName":"runTests","fileName":"RemoteTestRunner.java","lineNumber":678},{"declaringClass":"org.eclipse.jdt.internal.junit.runner.RemoteTestRunner","methodName":"run","fileName":"RemoteTestRunner.java","lineNumber":382},{"declaringClass":"org.eclipse.jdt.internal.junit.runner.RemoteTestRunner","methodName":"main","fileName":"RemoteTestRunner.java","lineNumber":192}]}}},"testFailureClassname":"net.thucydides.core.webdriver.exceptions.ElementShouldBeEnabledException","testFailureMessage":"Expected enabled element was not enabled","testFailureSummary":"FAILURE;net.thucydides.core.webdriver.exceptions.ElementShouldBeEnabledException;Expected enabled element was not enabled;LoginActionPage.java","projectKey":"","annotatedResult":"FAILURE","sessionId":"4c5587ab8f9d30d56b6c0cea3a75018c","driver":"chrome","dataTable":{"headers":["UserId","pwd"],"rows":[{"values":["1008","test"],"result":"FAILURE"}],"predefinedRows":true,"scenarioOutline":"Given user on the application\n\rWhen user enter valid user id \"\u003cUserId\u003e\" password \"\u003cpwd\u003e\"\n\rAnd user click on the order icon\n\rThen Verify orders details are successfully displays\n\rWhen click on the new button\n\rThen order entry screen successfully populated on screen\n\rWhen click on the item\n\rThen item detail screen successfully populated\n\rWhen click on the top left arrows in th edetails bar\n\rThen successfully navigated back to main order entry screen\n\r","dataSetDescriptors":[{"startRow":0,"rowCount":0,"name":""}]},"manual":false,"testSource":"Cucumber","result":"FAILURE"}