<?xml version="1.0" encoding="UTF-8"?><testsuite errors="1" failures="1" name="The user is able to create and process order" skipped="0" tests="8" time="533.56" timestamp="2018-05-25 10:37:27"><testcase name="The user is able to create and process orders from history from main order dashboard"><error message="Expected condition failed: waiting for OrderDetailElementPage.getOrderConfirmationText to be displayed (tried for 5 second(s) with 100 milliseconds interval)&#10;Build info: version: '3.11.0', revision: 'e59cfb3', time: '2018-03-11T20:26:55.152Z'&#10;System info: host: 'WCSP-3M1CM32TL', ip: '10.32.4.113', os.name: 'Windows 10', os.arch: 'amd64', os.version: '10.0', java.version: '1.8.0_171'&#10;Driver info: driver.version: unknown&#10;Build info: version: '3.11.0', revision: 'e59cfb3', time: '2018-03-11T20:26:55.152Z'&#10;System info: host: 'WCSP-3M1CM32TL', ip: '10.32.4.113', os.name: 'Windows 10', os.arch: 'amd64', os.version: '10.0', java.version: '1.8.0_171'&#10;Driver info: driver.version: unknown" type="org.openqa.selenium.TimeoutException">Expected condition failed: waiting for OrderDetailElementPage.getOrderConfirmationText to be displayed (tried for 5 second(s) with 100 milliseconds interval)
Build info: version: '3.11.0', revision: 'e59cfb3', time: '2018-03-11T20:26:55.152Z'
System info: host: 'WCSP-3M1CM32TL', ip: '10.32.4.113', os.name: 'Windows 10', os.arch: 'amd64', os.version: '10.0', java.version: '1.8.0_171'
Driver info: driver.version: unknown
Build info: version: '3.11.0', revision: 'e59cfb3', time: '2018-03-11T20:26:55.152Z'
System info: host: 'WCSP-3M1CM32TL', ip: '10.32.4.113', os.name: 'Windows 10', os.arch: 'amd64', os.version: '10.0', java.version: '1.8.0_171'
Driver info: driver.version: unknown</error><system-err>Expected condition failed: waiting for OrderDetailElementPage.getOrderConfirmationText to be displayed (tried for 5 second(s) with 100 milliseconds interval)
Build info: version: '3.11.0', revision: 'e59cfb3', time: '2018-03-11T20:26:55.152Z'
System info: host: 'WCSP-3M1CM32TL', ip: '10.32.4.113', os.name: 'Windows 10', os.arch: 'amd64', os.version: '10.0', java.version: '1.8.0_171'
Driver info: driver.version: unknown
Build info: version: '3.11.0', revision: 'e59cfb3', time: '2018-03-11T20:26:55.152Z'
System info: host: 'WCSP-3M1CM32TL', ip: '10.32.4.113', os.name: 'Windows 10', os.arch: 'amd64', os.version: '10.0', java.version: '1.8.0_171'
Driver info: driver.version: unknown&#13;
com.pmobile.pages.OrderDetailActionPage.verifySubmittedtheOrder(OrderDetailActionPage.java:297)&#13;
com.pmobile.steps.OrderPagesSteps.user_are_able_to_successfully_submitted_the_order(OrderPagesSteps.java:316)&#13;
cucumber.runner.Runner.runPickle(Runner.java:80)&#13;
</system-err></testcase><testcase name="The user is able to create and process orders from bid gudes from main order dashboard"/><testcase name="The user is able to create and process orders from standard gudes from main order"/><testcase name="The user is able to create and process orders from par lists from main order"/><testcase name="The user is able to create and process orders from critical item list from main order"/><testcase name="The user is able to sort by price and item number within an order"/><testcase name="The user is able to filter by Brands, Catagory, New Items, Previous Orders and Classes within an order"><failure message="expected:&lt;[1855brnd]&gt; but was:&lt;[Category]&gt;" type="java.lang.AssertionError">expected:&lt;[1855brnd]&gt; but was:&lt;[Category]&gt;</failure><system-err>expected:&lt;[1855brnd]&gt; but was:&lt;[Category]&gt;&#13;
com.pmobile.pages.NewOrderActionPage.verifyFilteredByBrand(NewOrderActionPage.java:439)&#13;
com.pmobile.steps.NewOrderPageSteps.order_successfully_filtered_by_specific_brand(NewOrderPageSteps.java:182)&#13;
cucumber.runner.Runner.runPickle(Runner.java:80)&#13;
</system-err></testcase><testcase name="The user is able to view the order recap bar including total $'s, Qty,Cu. ft and lb when entering items in to an order"/></testsuite>